{"F:\\Smart Financial Manager\\frontend\\src\\utils\\apiHelpers.js": {"path":"F:\\Smart Financial Manager\\frontend\\src\\utils\\apiHelpers.js","statementMap":{"0":{"start":{"line":9,"column":2},"end":{"line":12,"column":15}},"1":{"start":{"line":10,"column":28},"end":{"line":10,"column":81}},"2":{"start":{"line":11,"column":27},"end":{"line":11,"column":84}},"3":{"start":{"line":21,"column":2},"end":{"line":24,"column":4}},"4":{"start":{"line":33,"column":2},"end":{"line":51,"column":3}},"5":{"start":{"line":35,"column":4},"end":{"line":38,"column":6}},"6":{"start":{"line":39,"column":9},"end":{"line":51,"column":3}},"7":{"start":{"line":41,"column":4},"end":{"line":44,"column":6}},"8":{"start":{"line":47,"column":4},"end":{"line":50,"column":6}}},"fnMap":{"0":{"name":"buildQueryString","decl":{"start":{"line":8,"column":16},"end":{"line":8,"column":32}},"loc":{"start":{"line":8,"column":41},"end":{"line":13,"column":1}},"line":8},"1":{"name":"(anonymous_1)","decl":{"start":{"line":10,"column":12},"end":{"line":10,"column":13}},"loc":{"start":{"line":10,"column":28},"end":{"line":10,"column":81}},"line":10},"2":{"name":"(anonymous_2)","decl":{"start":{"line":11,"column":9},"end":{"line":11,"column":10}},"loc":{"start":{"line":11,"column":27},"end":{"line":11,"column":84}},"line":11},"3":{"name":"getAuthHeaders","decl":{"start":{"line":20,"column":16},"end":{"line":20,"column":30}},"loc":{"start":{"line":20,"column":38},"end":{"line":25,"column":1}},"line":20},"4":{"name":"handleApiError","decl":{"start":{"line":32,"column":16},"end":{"line":32,"column":30}},"loc":{"start":{"line":32,"column":38},"end":{"line":52,"column":1}},"line":32}},"branchMap":{"0":{"loc":{"start":{"line":10,"column":28},"end":{"line":10,"column":81}},"type":"binary-expr","locations":[{"start":{"line":10,"column":28},"end":{"line":10,"column":42}},{"start":{"line":10,"column":46},"end":{"line":10,"column":65}},{"start":{"line":10,"column":69},"end":{"line":10,"column":81}}],"line":10},"1":{"loc":{"start":{"line":23,"column":8},"end":{"line":23,"column":55}},"type":"binary-expr","locations":[{"start":{"line":23,"column":8},"end":{"line":23,"column":13}},{"start":{"line":23,"column":17},"end":{"line":23,"column":55}}],"line":23},"2":{"loc":{"start":{"line":33,"column":2},"end":{"line":51,"column":3}},"type":"if","locations":[{"start":{"line":33,"column":2},"end":{"line":51,"column":3}},{"start":{"line":39,"column":9},"end":{"line":51,"column":3}}],"line":33},"3":{"loc":{"start":{"line":36,"column":15},"end":{"line":36,"column":66}},"type":"binary-expr","locations":[{"start":{"line":36,"column":15},"end":{"line":36,"column":43}},{"start":{"line":36,"column":47},"end":{"line":36,"column":66}}],"line":36},"4":{"loc":{"start":{"line":39,"column":9},"end":{"line":51,"column":3}},"type":"if","locations":[{"start":{"line":39,"column":9},"end":{"line":51,"column":3}},{"start":{"line":45,"column":9},"end":{"line":51,"column":3}}],"line":39},"5":{"loc":{"start":{"line":48,"column":15},"end":{"line":48,"column":62}},"type":"binary-expr","locations":[{"start":{"line":48,"column":15},"end":{"line":48,"column":28}},{"start":{"line":48,"column":32},"end":{"line":48,"column":62}}],"line":48}},"s":{"0":6,"1":12,"2":9,"3":3,"4":5,"5":2,"6":3,"7":1,"8":2},"f":{"0":6,"1":12,"2":9,"3":3,"4":5},"b":{"0":[12,11,10],"1":[3,1],"2":[2,3],"3":[2,1],"4":[1,2],"5":[2,1]},"meta":{"lastBranch":6,"lastFunction":5,"lastStatement":9,"seen":{"f:8:16:8:32":0,"s:9:2:12:15":0,"f:10:12:10:13":1,"s:10:28:10:81":1,"b:10:28:10:42:10:46:10:65:10:69:10:81":0,"f:11:9:11:10":2,"s:11:27:11:84":2,"f:20:16:20:30":3,"s:21:2:24:4":3,"b:23:8:23:13:23:17:23:55":1,"f:32:16:32:30":4,"b:33:2:51:3:39:9:51:3":2,"s:33:2:51:3":4,"s:35:4:38:6":5,"b:36:15:36:43:36:47:36:66":3,"b:39:9:51:3:45:9:51:3":4,"s:39:9:51:3":6,"s:41:4:44:6":7,"s:47:4:50:6":8,"b:48:15:48:28:48:32:48:62":5}}}
,"F:\\Smart Financial Manager\\frontend\\src\\utils\\dateHelpers.js": {"path":"F:\\Smart Financial Manager\\frontend\\src\\utils\\dateHelpers.js","statementMap":{"0":{"start":{"line":10,"column":2},"end":{"line":10,"column":35}},"1":{"start":{"line":10,"column":13},"end":{"line":10,"column":35}},"2":{"start":{"line":12,"column":12},"end":{"line":12,"column":26}},"3":{"start":{"line":14,"column":2},"end":{"line":16,"column":3}},"4":{"start":{"line":15,"column":4},"end":{"line":15,"column":26}},"5":{"start":{"line":18,"column":18},"end":{"line":23,"column":3}},"6":{"start":{"line":25,"column":2},"end":{"line":25,"column":86}},"7":{"start":{"line":34,"column":14},"end":{"line":34,"column":24}},"8":{"start":{"line":35,"column":15},"end":{"line":35,"column":29}},"9":{"start":{"line":36,"column":17},"end":{"line":36,"column":27}},"10":{"start":{"line":37,"column":22},"end":{"line":37,"column":47}},"11":{"start":{"line":38,"column":22},"end":{"line":38,"column":50}},"12":{"start":{"line":39,"column":20},"end":{"line":39,"column":48}},"13":{"start":{"line":40,"column":19},"end":{"line":40,"column":45}},"14":{"start":{"line":42,"column":2},"end":{"line":42,"column":42}},"15":{"start":{"line":42,"column":24},"end":{"line":42,"column":42}},"16":{"start":{"line":43,"column":2},"end":{"line":43,"column":88}},"17":{"start":{"line":43,"column":24},"end":{"line":43,"column":88}},"18":{"start":{"line":44,"column":2},"end":{"line":44,"column":80}},"19":{"start":{"line":44,"column":22},"end":{"line":44,"column":80}},"20":{"start":{"line":45,"column":2},"end":{"line":45,"column":75}},"21":{"start":{"line":45,"column":20},"end":{"line":45,"column":75}},"22":{"start":{"line":46,"column":2},"end":{"line":46,"column":109}},"23":{"start":{"line":46,"column":21},"end":{"line":46,"column":109}},"24":{"start":{"line":47,"column":2},"end":{"line":47,"column":113}},"25":{"start":{"line":47,"column":22},"end":{"line":47,"column":113}},"26":{"start":{"line":48,"column":2},"end":{"line":48,"column":94}},"27":{"start":{"line":57,"column":16},"end":{"line":57,"column":26}},"28":{"start":{"line":58,"column":12},"end":{"line":58,"column":26}},"29":{"start":{"line":59,"column":2},"end":{"line":61,"column":49}},"30":{"start":{"line":70,"column":16},"end":{"line":70,"column":26}},"31":{"start":{"line":71,"column":12},"end":{"line":71,"column":26}},"32":{"start":{"line":72,"column":2},"end":{"line":73,"column":49}},"33":{"start":{"line":82,"column":16},"end":{"line":82,"column":64}},"34":{"start":{"line":83,"column":14},"end":{"line":83,"column":66}},"35":{"start":{"line":84,"column":2},"end":{"line":84,"column":24}}},"fnMap":{"0":{"name":"formatDate","decl":{"start":{"line":9,"column":16},"end":{"line":9,"column":26}},"loc":{"start":{"line":9,"column":51},"end":{"line":26,"column":1}},"line":9},"1":{"name":"getRelativeTime","decl":{"start":{"line":33,"column":16},"end":{"line":33,"column":31}},"loc":{"start":{"line":33,"column":38},"end":{"line":49,"column":1}},"line":33},"2":{"name":"isToday","decl":{"start":{"line":56,"column":16},"end":{"line":56,"column":23}},"loc":{"start":{"line":56,"column":30},"end":{"line":62,"column":1}},"line":56},"3":{"name":"isThisMonth","decl":{"start":{"line":69,"column":16},"end":{"line":69,"column":27}},"loc":{"start":{"line":69,"column":34},"end":{"line":74,"column":1}},"line":69},"4":{"name":"getMonthRange","decl":{"start":{"line":81,"column":16},"end":{"line":81,"column":29}},"loc":{"start":{"line":81,"column":49},"end":{"line":85,"column":1}},"line":81}},"branchMap":{"0":{"loc":{"start":{"line":9,"column":33},"end":{"line":9,"column":49}},"type":"default-arg","locations":[{"start":{"line":9,"column":42},"end":{"line":9,"column":49}}],"line":9},"1":{"loc":{"start":{"line":10,"column":2},"end":{"line":10,"column":35}},"type":"if","locations":[{"start":{"line":10,"column":2},"end":{"line":10,"column":35}},{"start":{},"end":{}}],"line":10},"2":{"loc":{"start":{"line":14,"column":2},"end":{"line":16,"column":3}},"type":"if","locations":[{"start":{"line":14,"column":2},"end":{"line":16,"column":3}},{"start":{},"end":{}}],"line":14},"3":{"loc":{"start":{"line":25,"column":42},"end":{"line":25,"column":74}},"type":"binary-expr","locations":[{"start":{"line":25,"column":42},"end":{"line":25,"column":57}},{"start":{"line":25,"column":61},"end":{"line":25,"column":74}}],"line":25},"4":{"loc":{"start":{"line":42,"column":2},"end":{"line":42,"column":42}},"type":"if","locations":[{"start":{"line":42,"column":2},"end":{"line":42,"column":42}},{"start":{},"end":{}}],"line":42},"5":{"loc":{"start":{"line":43,"column":2},"end":{"line":43,"column":88}},"type":"if","locations":[{"start":{"line":43,"column":2},"end":{"line":43,"column":88}},{"start":{},"end":{}}],"line":43},"6":{"loc":{"start":{"line":43,"column":55},"end":{"line":43,"column":81}},"type":"cond-expr","locations":[{"start":{"line":43,"column":73},"end":{"line":43,"column":76}},{"start":{"line":43,"column":79},"end":{"line":43,"column":81}}],"line":43},"7":{"loc":{"start":{"line":44,"column":2},"end":{"line":44,"column":80}},"type":"if","locations":[{"start":{"line":44,"column":2},"end":{"line":44,"column":80}},{"start":{},"end":{}}],"line":44},"8":{"loc":{"start":{"line":44,"column":49},"end":{"line":44,"column":73}},"type":"cond-expr","locations":[{"start":{"line":44,"column":65},"end":{"line":44,"column":68}},{"start":{"line":44,"column":71},"end":{"line":44,"column":73}}],"line":44},"9":{"loc":{"start":{"line":45,"column":2},"end":{"line":45,"column":75}},"type":"if","locations":[{"start":{"line":45,"column":2},"end":{"line":45,"column":75}},{"start":{},"end":{}}],"line":45},"10":{"loc":{"start":{"line":45,"column":45},"end":{"line":45,"column":68}},"type":"cond-expr","locations":[{"start":{"line":45,"column":60},"end":{"line":45,"column":63}},{"start":{"line":45,"column":66},"end":{"line":45,"column":68}}],"line":45},"11":{"loc":{"start":{"line":46,"column":2},"end":{"line":46,"column":109}},"type":"if","locations":[{"start":{"line":46,"column":2},"end":{"line":46,"column":109}},{"start":{},"end":{}}],"line":46},"12":{"loc":{"start":{"line":46,"column":63},"end":{"line":46,"column":102}},"type":"cond-expr","locations":[{"start":{"line":46,"column":94},"end":{"line":46,"column":97}},{"start":{"line":46,"column":100},"end":{"line":46,"column":102}}],"line":46},"13":{"loc":{"start":{"line":47,"column":2},"end":{"line":47,"column":113}},"type":"if","locations":[{"start":{"line":47,"column":2},"end":{"line":47,"column":113}},{"start":{},"end":{}}],"line":47},"14":{"loc":{"start":{"line":47,"column":66},"end":{"line":47,"column":106}},"type":"cond-expr","locations":[{"start":{"line":47,"column":98},"end":{"line":47,"column":101}},{"start":{"line":47,"column":104},"end":{"line":47,"column":106}}],"line":47},"15":{"loc":{"start":{"line":48,"column":46},"end":{"line":48,"column":87}},"type":"cond-expr","locations":[{"start":{"line":48,"column":79},"end":{"line":48,"column":82}},{"start":{"line":48,"column":85},"end":{"line":48,"column":87}}],"line":48},"16":{"loc":{"start":{"line":59,"column":9},"end":{"line":61,"column":48}},"type":"binary-expr","locations":[{"start":{"line":59,"column":9},"end":{"line":59,"column":40}},{"start":{"line":60,"column":9},"end":{"line":60,"column":42}},{"start":{"line":61,"column":9},"end":{"line":61,"column":48}}],"line":59},"17":{"loc":{"start":{"line":72,"column":9},"end":{"line":73,"column":48}},"type":"binary-expr","locations":[{"start":{"line":72,"column":9},"end":{"line":72,"column":42}},{"start":{"line":73,"column":9},"end":{"line":73,"column":48}}],"line":72},"18":{"loc":{"start":{"line":81,"column":30},"end":{"line":81,"column":47}},"type":"default-arg","locations":[{"start":{"line":81,"column":37},"end":{"line":81,"column":47}}],"line":81}},"s":{"0":6,"1":1,"2":5,"3":5,"4":1,"5":4,"6":4,"7":5,"8":5,"9":5,"10":5,"11":5,"12":5,"13":5,"14":5,"15":1,"16":4,"17":4,"18":2,"19":2,"20":1,"21":1,"22":0,"23":0,"24":0,"25":0,"26":0,"27":3,"28":3,"29":3,"30":3,"31":3,"32":3,"33":4,"34":4,"35":4},"f":{"0":6,"1":5,"2":3,"3":3,"4":4},"b":{"0":[6],"1":[1,5],"2":[1,4],"3":[4,0],"4":[1,4],"5":[2,2],"6":[1,1],"7":[1,1],"8":[1,0],"9":[1,0],"10":[1,0],"11":[0,0],"12":[0,0],"13":[0,0],"14":[0,0],"15":[0,0],"16":[3,1,1],"17":[3,1],"18":[4]},"meta":{"lastBranch":19,"lastFunction":5,"lastStatement":36,"seen":{"f:9:16:9:26":0,"b:9:42:9:49":0,"b:10:2:10:35:undefined:undefined:undefined:undefined":1,"s:10:2:10:35":0,"s:10:13:10:35":1,"s:12:12:12:26":2,"b:14:2:16:3:undefined:undefined:undefined:undefined":2,"s:14:2:16:3":3,"s:15:4:15:26":4,"s:18:18:23:3":5,"s:25:2:25:86":6,"b:25:42:25:57:25:61:25:74":3,"f:33:16:33:31":1,"s:34:14:34:24":7,"s:35:15:35:29":8,"s:36:17:36:27":9,"s:37:22:37:47":10,"s:38:22:38:50":11,"s:39:20:39:48":12,"s:40:19:40:45":13,"b:42:2:42:42:undefined:undefined:undefined:undefined":4,"s:42:2:42:42":14,"s:42:24:42:42":15,"b:43:2:43:88:undefined:undefined:undefined:undefined":5,"s:43:2:43:88":16,"s:43:24:43:88":17,"b:43:73:43:76:43:79:43:81":6,"b:44:2:44:80:undefined:undefined:undefined:undefined":7,"s:44:2:44:80":18,"s:44:22:44:80":19,"b:44:65:44:68:44:71:44:73":8,"b:45:2:45:75:undefined:undefined:undefined:undefined":9,"s:45:2:45:75":20,"s:45:20:45:75":21,"b:45:60:45:63:45:66:45:68":10,"b:46:2:46:109:undefined:undefined:undefined:undefined":11,"s:46:2:46:109":22,"s:46:21:46:109":23,"b:46:94:46:97:46:100:46:102":12,"b:47:2:47:113:undefined:undefined:undefined:undefined":13,"s:47:2:47:113":24,"s:47:22:47:113":25,"b:47:98:47:101:47:104:47:106":14,"s:48:2:48:94":26,"b:48:79:48:82:48:85:48:87":15,"f:56:16:56:23":2,"s:57:16:57:26":27,"s:58:12:58:26":28,"s:59:2:61:49":29,"b:59:9:59:40:60:9:60:42:61:9:61:48":16,"f:69:16:69:27":3,"s:70:16:70:26":30,"s:71:12:71:26":31,"s:72:2:73:49":32,"b:72:9:72:42:73:9:73:48":17,"f:81:16:81:29":4,"b:81:37:81:47":18,"s:82:16:82:64":33,"s:83:14:83:66":34,"s:84:2:84:24":35}}}
}
