TN:
SF:src\utils\apiHelpers.js
FN:8,buildQueryString
FN:10,(anonymous_1)
FN:11,(anonymous_2)
FN:20,getAuthHeaders
FN:32,handleApiError
FNF:5
FNH:5
FNDA:6,buildQueryString
FNDA:12,(anonymous_1)
FNDA:9,(anonymous_2)
FNDA:3,getAuthHeaders
FNDA:5,handleApiError
DA:9,6
DA:10,12
DA:11,9
DA:21,3
DA:33,5
DA:35,2
DA:39,3
DA:41,1
DA:47,2
LF:9
LH:9
BRDA:10,0,0,12
BRDA:10,0,1,11
BRDA:10,0,2,10
BRDA:23,1,0,3
BRDA:23,1,1,1
BRDA:33,2,0,2
BRDA:33,2,1,3
BRDA:36,3,0,2
BRDA:36,3,1,1
BRDA:39,4,0,1
BRDA:39,4,1,2
BRDA:48,5,0,2
BRDA:48,5,1,1
BRF:13
BRH:13
end_of_record
TN:
SF:src\utils\dateHelpers.js
FN:9,formatDate
FN:33,getRelativeTime
FN:56,isToday
FN:69,isThisMonth
FN:81,getMonthRange
FNF:5
FNH:5
FNDA:6,formatDate
FNDA:5,getRelativeTime
FNDA:3,isToday
FNDA:3,isThisMonth
FNDA:4,getMonthRange
DA:10,6
DA:12,5
DA:14,5
DA:15,1
DA:18,4
DA:25,4
DA:34,5
DA:35,5
DA:36,5
DA:37,5
DA:38,5
DA:39,5
DA:40,5
DA:42,5
DA:43,4
DA:44,2
DA:45,1
DA:46,0
DA:47,0
DA:48,0
DA:57,3
DA:58,3
DA:59,3
DA:70,3
DA:71,3
DA:72,3
DA:82,4
DA:83,4
DA:84,4
LF:29
LH:26
BRDA:9,0,0,6
BRDA:10,1,0,1
BRDA:10,1,1,5
BRDA:14,2,0,1
BRDA:14,2,1,4
BRDA:25,3,0,4
BRDA:25,3,1,0
BRDA:42,4,0,1
BRDA:42,4,1,4
BRDA:43,5,0,2
BRDA:43,5,1,2
BRDA:43,6,0,1
BRDA:43,6,1,1
BRDA:44,7,0,1
BRDA:44,7,1,1
BRDA:44,8,0,1
BRDA:44,8,1,0
BRDA:45,9,0,1
BRDA:45,9,1,0
BRDA:45,10,0,1
BRDA:45,10,1,0
BRDA:46,11,0,0
BRDA:46,11,1,0
BRDA:46,12,0,0
BRDA:46,12,1,0
BRDA:47,13,0,0
BRDA:47,13,1,0
BRDA:47,14,0,0
BRDA:47,14,1,0
BRDA:48,15,0,0
BRDA:48,15,1,0
BRDA:59,16,0,3
BRDA:59,16,1,1
BRDA:59,16,2,1
BRDA:72,17,0,3
BRDA:72,17,1,1
BRDA:81,18,0,4
BRF:37
BRH:23
end_of_record
