TN:
SF:controllers\goalController.js
FN:11,(anonymous_0)
FN:21,(anonymous_1)
FN:41,(anonymous_2)
FN:115,(anonymous_3)
FN:125,(anonymous_4)
FN:168,(anonymous_5)
FN:178,(anonymous_6)
FN:210,(anonymous_7)
FN:226,(anonymous_8)
FNF:9
FNH:8
FNDA:4,(anonymous_0)
FNDA:1,(anonymous_1)
FNDA:5,(anonymous_2)
FNDA:4,(anonymous_3)
FNDA:1,(anonymous_4)
FNDA:3,(anonymous_5)
FNDA:0,(anonymous_6)
FNDA:7,(anonymous_7)
FNDA:2,(anonymous_8)
DA:6,2
DA:11,2
DA:12,4
DA:14,4
DA:15,2
DA:17,2
DA:18,1
DA:21,1
DA:22,1
DA:23,1
DA:24,1
DA:27,1
DA:31,2
DA:32,1
DA:34,1
DA:41,2
DA:42,5
DA:52,5
DA:55,5
DA:56,3
DA:58,3
DA:59,1
DA:63,2
DA:64,1
DA:71,1
DA:87,1
DA:88,1
DA:92,2
DA:105,2
DA:106,1
DA:108,1
DA:115,2
DA:116,4
DA:118,4
DA:119,1
DA:121,1
DA:122,0
DA:125,1
DA:127,1
DA:128,0
DA:132,1
DA:138,1
DA:142,3
DA:144,2
DA:145,1
DA:149,1
DA:150,0
DA:153,1
DA:159,1
DA:161,1
DA:168,2
DA:169,3
DA:171,3
DA:172,0
DA:174,0
DA:175,0
DA:178,0
DA:180,0
DA:181,0
DA:184,0
DA:185,0
DA:189,3
DA:191,2
DA:192,1
DA:196,1
DA:197,0
DA:200,1
DA:201,1
DA:203,1
DA:210,2
DA:211,7
DA:212,7
DA:214,7
DA:215,2
DA:219,5
DA:220,2
DA:222,2
DA:223,0
DA:226,2
DA:228,2
DA:229,0
DA:232,2
DA:233,2
DA:235,2
DA:236,1
DA:239,2
DA:241,2
DA:245,3
DA:247,2
DA:248,1
DA:252,1
DA:253,0
DA:257,1
DA:260,1
DA:261,0
DA:264,1
DA:265,1
DA:267,1
LF:98
LH:82
BRDA:14,0,0,2
BRDA:14,0,1,2
BRDA:17,1,0,1
BRDA:17,1,1,1
BRDA:21,2,0,1
BRDA:21,2,1,0
BRDA:55,3,0,3
BRDA:55,3,1,2
BRDA:58,4,0,1
BRDA:58,4,1,2
BRDA:63,5,0,1
BRDA:63,5,1,1
BRDA:76,6,0,1
BRDA:76,6,1,1
BRDA:79,7,0,1
BRDA:79,7,1,1
BRDA:80,8,0,1
BRDA:80,8,1,1
BRDA:81,9,0,1
BRDA:81,9,1,1
BRDA:96,10,0,2
BRDA:96,10,1,1
BRDA:99,11,0,2
BRDA:99,11,1,2
BRDA:100,12,0,2
BRDA:100,12,1,2
BRDA:101,13,0,2
BRDA:101,13,1,2
BRDA:118,14,0,1
BRDA:118,14,1,3
BRDA:121,15,0,0
BRDA:121,15,1,1
BRDA:127,16,0,0
BRDA:127,16,1,1
BRDA:144,17,0,1
BRDA:144,17,1,1
BRDA:149,18,0,0
BRDA:149,18,1,1
BRDA:171,19,0,0
BRDA:171,19,1,3
BRDA:174,20,0,0
BRDA:174,20,1,0
BRDA:180,21,0,0
BRDA:180,21,1,0
BRDA:191,22,0,1
BRDA:191,22,1,1
BRDA:196,23,0,0
BRDA:196,23,1,1
BRDA:214,24,0,2
BRDA:214,24,1,5
BRDA:214,25,0,7
BRDA:214,25,1,6
BRDA:219,26,0,2
BRDA:219,26,1,3
BRDA:222,27,0,0
BRDA:222,27,1,2
BRDA:228,28,0,0
BRDA:228,28,1,2
BRDA:235,29,0,1
BRDA:235,29,1,1
BRDA:247,30,0,1
BRDA:247,30,1,1
BRDA:252,31,0,0
BRDA:252,31,1,1
BRDA:260,32,0,0
BRDA:260,32,1,1
BRF:66
BRH:52
end_of_record
TN:
SF:controllers\transactionController.js
FN:11,(anonymous_0)
FN:67,(anonymous_1)
FN:77,(anonymous_2)
FN:100,(anonymous_3)
FN:111,(anonymous_4)
FN:163,(anonymous_5)
FN:174,(anonymous_6)
FNF:7
FNH:6
FNDA:5,(anonymous_0)
FNDA:4,(anonymous_1)
FNDA:1,(anonymous_2)
FNDA:4,(anonymous_3)
FNDA:1,(anonymous_4)
FNDA:3,(anonymous_5)
FNDA:0,(anonymous_6)
DA:6,1
DA:11,1
DA:12,5
DA:13,5
DA:16,5
DA:17,3
DA:19,3
DA:20,1
DA:24,2
DA:25,1
DA:32,1
DA:44,1
DA:45,1
DA:49,2
DA:58,1
DA:60,1
DA:67,1
DA:68,4
DA:70,4
DA:71,2
DA:73,2
DA:74,1
DA:77,1
DA:78,1
DA:79,1
DA:80,1
DA:83,1
DA:87,2
DA:91,1
DA:93,1
DA:100,1
DA:101,4
DA:103,4
DA:104,1
DA:106,1
DA:107,0
DA:110,1
DA:111,1
DA:114,1
DA:115,0
DA:119,1
DA:129,1
DA:133,3
DA:148,2
DA:149,1
DA:152,1
DA:154,1
DA:163,1
DA:164,3
DA:166,3
DA:167,0
DA:169,0
DA:170,0
DA:173,0
DA:174,0
DA:177,0
DA:178,0
DA:182,0
DA:183,0
DA:187,3
DA:189,2
DA:190,1
DA:194,1
DA:195,0
DA:198,1
DA:199,1
DA:201,1
LF:67
LH:55
BRDA:16,0,0,3
BRDA:16,0,1,2
BRDA:19,1,0,1
BRDA:19,1,1,2
BRDA:24,2,0,1
BRDA:24,2,1,1
BRDA:38,3,0,1
BRDA:38,3,1,1
BRDA:39,4,0,1
BRDA:39,4,1,1
BRDA:70,5,0,2
BRDA:70,5,1,2
BRDA:73,6,0,1
BRDA:73,6,1,1
BRDA:77,7,0,1
BRDA:77,7,1,0
BRDA:103,8,0,1
BRDA:103,8,1,3
BRDA:106,9,0,0
BRDA:106,9,1,1
BRDA:114,10,0,0
BRDA:114,10,1,1
BRDA:148,11,0,1
BRDA:148,11,1,1
BRDA:166,12,0,0
BRDA:166,12,1,3
BRDA:169,13,0,0
BRDA:169,13,1,0
BRDA:177,14,0,0
BRDA:177,14,1,0
BRDA:189,15,0,1
BRDA:189,15,1,1
BRDA:194,16,0,0
BRDA:194,16,1,1
BRF:34
BRH:25
end_of_record
TN:
SF:controllers\userController.js
FN:17,(anonymous_0)
FN:47,(anonymous_1)
FN:83,(anonymous_2)
FN:137,(anonymous_3)
FN:185,(anonymous_4)
FN:236,(anonymous_5)
FN:269,(anonymous_6)
FN:304,(anonymous_7)
FN:353,(anonymous_8)
FN:380,(anonymous_9)
FN:407,(anonymous_10)
FN:438,(anonymous_11)
FN:477,(anonymous_12)
FNF:13
FNH:3
FNDA:5,(anonymous_0)
FNDA:6,(anonymous_1)
FNDA:0,(anonymous_2)
FNDA:0,(anonymous_3)
FNDA:0,(anonymous_4)
FNDA:0,(anonymous_5)
FNDA:0,(anonymous_6)
FNDA:0,(anonymous_7)
FNDA:0,(anonymous_8)
FNDA:0,(anonymous_9)
FNDA:0,(anonymous_10)
FNDA:0,(anonymous_11)
FNDA:1,(anonymous_12)
DA:12,5
DA:17,5
DA:18,5
DA:19,5
DA:21,5
DA:22,4
DA:23,1
DA:26,3
DA:28,2
DA:34,2
DA:40,2
DA:47,5
DA:48,6
DA:49,6
DA:51,6
DA:52,5
DA:53,1
DA:56,4
DA:57,4
DA:58,1
DA:61,3
DA:67,3
DA:76,1
DA:83,5
DA:84,0
DA:85,0
DA:87,0
DA:90,0
DA:91,0
DA:96,0
DA:98,0
DA:100,0
DA:101,0
DA:103,0
DA:105,0
DA:113,0
DA:125,0
DA:129,0
DA:130,0
DA:137,5
DA:138,0
DA:139,0
DA:143,0
DA:147,0
DA:148,0
DA:154,0
DA:159,0
DA:164,0
DA:165,0
DA:170,0
DA:171,0
DA:172,0
DA:174,0
DA:176,0
DA:178,0
DA:185,5
DA:186,0
DA:188,0
DA:189,0
DA:191,0
DA:206,0
DA:208,0
DA:210,0
DA:211,0
DA:214,0
DA:229,0
DA:236,5
DA:237,0
DA:238,0
DA:239,0
DA:241,0
DA:243,0
DA:244,0
DA:247,0
DA:253,0
DA:254,0
DA:257,0
DA:262,0
DA:269,5
DA:270,0
DA:271,0
DA:272,0
DA:274,0
DA:275,0
DA:278,0
DA:279,0
DA:282,0
DA:283,0
DA:284,0
DA:287,0
DA:288,0
DA:289,0
DA:292,0
DA:293,0
DA:295,0
DA:297,0
DA:304,5
DA:305,0
DA:306,0
DA:307,0
DA:310,0
DA:311,0
DA:312,0
DA:313,0
DA:317,0
DA:318,0
DA:319,0
DA:320,0
DA:321,0
DA:322,0
DA:324,0
DA:330,0
DA:331,0
DA:334,0
DA:346,0
DA:353,5
DA:354,0
DA:355,0
DA:356,0
DA:358,0
DA:364,0
DA:365,0
DA:368,0
DA:373,0
DA:380,5
DA:381,0
DA:382,0
DA:383,0
DA:385,0
DA:391,0
DA:392,0
DA:395,0
DA:400,0
DA:407,5
DA:408,0
DA:409,0
DA:412,0
DA:413,0
DA:415,0
DA:416,0
DA:417,0
DA:419,0
DA:426,0
DA:431,0
DA:438,5
DA:439,0
DA:440,0
DA:441,0
DA:443,0
DA:444,0
DA:447,0
DA:448,0
DA:449,0
DA:452,0
DA:453,0
DA:454,0
DA:458,0
DA:459,0
DA:460,0
DA:463,0
DA:464,0
DA:465,0
DA:466,0
DA:468,0
DA:470,0
DA:477,5
DA:478,1
DA:480,1
DA:481,1
DA:484,1
DA:496,1
DA:506,1
DA:508,1
DA:517,0
DA:518,0
LF:175
LH:41
BRDA:22,0,0,1
BRDA:22,0,1,3
BRDA:52,1,0,1
BRDA:52,1,1,4
BRDA:57,2,0,1
BRDA:57,2,1,3
BRDA:72,3,0,3
BRDA:72,3,1,1
BRDA:90,4,0,0
BRDA:90,4,1,0
BRDA:143,5,0,0
BRDA:143,5,1,0
BRDA:143,5,2,0
BRDA:147,6,0,0
BRDA:147,6,1,0
BRDA:164,7,0,0
BRDA:164,7,1,0
BRDA:188,8,0,0
BRDA:188,8,1,0
BRDA:199,9,0,0
BRDA:199,9,1,0
BRDA:210,10,0,0
BRDA:210,10,1,0
BRDA:243,11,0,0
BRDA:243,11,1,0
BRDA:243,12,0,0
BRDA:243,12,1,0
BRDA:253,13,0,0
BRDA:253,13,1,0
BRDA:274,14,0,0
BRDA:274,14,1,0
BRDA:274,15,0,0
BRDA:274,15,1,0
BRDA:278,16,0,0
BRDA:278,16,1,0
BRDA:283,17,0,0
BRDA:283,17,1,0
BRDA:288,18,0,0
BRDA:288,18,1,0
BRDA:310,19,0,0
BRDA:310,19,1,0
BRDA:312,20,0,0
BRDA:312,20,1,0
BRDA:318,21,0,0
BRDA:318,21,1,0
BRDA:319,22,0,0
BRDA:319,22,1,0
BRDA:320,23,0,0
BRDA:320,23,1,0
BRDA:321,24,0,0
BRDA:321,24,1,0
BRDA:322,25,0,0
BRDA:322,25,1,0
BRDA:330,26,0,0
BRDA:330,26,1,0
BRDA:364,27,0,0
BRDA:364,27,1,0
BRDA:391,28,0,0
BRDA:391,28,1,0
BRDA:443,29,0,0
BRDA:443,29,1,0
BRDA:448,30,0,0
BRDA:448,30,1,0
BRDA:453,31,0,0
BRDA:453,31,1,0
BRF:65
BRH:8
end_of_record
TN:
SF:middleware\authMiddleware.js
FN:4,(anonymous_0)
FNF:1
FNH:1
FNDA:7,(anonymous_0)
DA:4,1
DA:7,7
DA:11,5
DA:12,5
DA:14,5
DA:17,3
DA:18,0
DA:22,3
DA:25,3
DA:26,1
DA:33,1
DA:37,2
DA:39,2
DA:40,1
DA:43,1
DA:45,1
DA:47,2
DA:53,2
LF:18
LH:17
BRDA:7,0,0,5
BRDA:7,0,1,2
BRDA:8,1,0,7
BRDA:8,1,1,6
BRDA:17,2,0,0
BRDA:17,2,1,3
BRDA:25,3,0,1
BRDA:25,3,1,2
BRDA:39,4,0,1
BRDA:39,4,1,1
BRF:10
BRH:9
end_of_record
TN:
SF:middleware\requireAdmin.js
FN:1,requireAdmin
FNF:1
FNH:1
FNDA:6,requireAdmin
DA:2,6
DA:6,4
DA:11,2
LF:3
LH:3
BRDA:2,0,0,4
BRDA:2,0,1,2
BRDA:3,1,0,6
BRDA:3,1,1,5
BRF:4
BRH:4
end_of_record
TN:
SF:middleware\requireAuth.js
FN:9,requireAuth
FNF:1
FNH:1
FNDA:8,requireAuth
DA:10,8
DA:12,8
DA:13,2
DA:16,6
DA:18,6
DA:19,6
DA:22,4
DA:23,0
DA:27,4
DA:28,1
DA:35,1
DA:39,3
DA:46,3
DA:48,2
LF:14
LH:13
BRDA:12,0,0,2
BRDA:12,0,1,6
BRDA:12,1,0,8
BRDA:12,1,1,7
BRDA:22,2,0,0
BRDA:22,2,1,4
BRDA:27,3,0,1
BRDA:27,3,1,3
BRF:8
BRH:7
end_of_record
TN:
SF:models\Goal.js
FNF:0
FNH:0
DA:3,3
DA:56,3
LF:2
LH:2
BRF:0
BRH:0
end_of_record
TN:
SF:models\Transaction.js
FNF:0
FNH:0
DA:3,2
DA:36,2
LF:2
LH:2
BRF:0
BRH:0
end_of_record
TN:
SF:models\User.js
FNF:0
FNH:0
DA:3,10
LF:1
LH:1
BRF:0
BRH:0
end_of_record
TN:
SF:routes\goalRoutes.js
FNF:0
FNH:0
DA:11,0
DA:14,0
DA:19,0
DA:24,0
DA:29,0
DA:34,0
DA:39,0
LF:7
LH:0
BRF:0
BRH:0
end_of_record
TN:
SF:routes\transactionRoutes.js
FNF:0
FNH:0
DA:10,0
DA:13,0
DA:18,0
LF:3
LH:0
BRF:0
BRH:0
end_of_record
TN:
SF:routes\userRoutes.js
FN:41,(anonymous_0)
FNF:1
FNH:0
FNDA:0,(anonymous_0)
DA:2,0
DA:21,0
DA:23,0
DA:24,0
DA:25,0
DA:26,0
DA:27,0
DA:28,0
DA:29,0
DA:30,0
DA:31,0
DA:32,0
DA:33,0
DA:34,0
DA:35,0
DA:41,0
DA:42,0
DA:43,0
LF:18
LH:0
BRF:0
BRH:0
end_of_record
TN:
SF:utils\generateResetToken.js
FN:3,(anonymous_0)
FNF:1
FNH:1
FNDA:108,(anonymous_0)
DA:3,6
DA:4,108
DA:6,108
DA:11,108
LF:4
LH:4
BRF:0
BRH:0
end_of_record
